<?xml version="1.0" encoding="UTF-8"?>
<Site BuildName="Linux-g++"
	BuildStamp="20240112-1241-Experimental"
	Name="endurs-Surface-Book-3"
	Generator="ctest-3.22.1"
	CompilerName="/usr/bin/g++"
	CompilerVersion=""
	OSName="Linux"
	Hostname="endurs-Surface-Book-3"
	OSRelease="6.5.0-14-generic"
	OSVersion="#14~22.04.1-Ubuntu SMP PREEMPT_DYNAMIC Mon Nov 20 18:15:30 UTC 2"
	OSPlatform="x86_64"
	Is64Bits="1"
	VendorString="GenuineIntel"
	VendorID="Intel Corporation"
	FamilyID="6"
	ModelID="126"
	ProcessorCacheSize="8192"
	NumberOfLogicalCPU="8"
	NumberOfPhysicalCPU="4"
	TotalVirtualMemory="1906"
	TotalPhysicalMemory="15573"
	LogicalProcessorsPerPhysical="2"
	ProcessorClockFrequency="3500.26"
	>
	<Testing>
		<StartDateTime>Jan 12 16:29 CET</StartDateTime>
		<StartTestTime>1705073344</StartTestTime>
		<TestList/>
		<EndDateTime>Jan 12 16:29 CET</EndDateTime>
		<EndTestTime>1705073344</EndTestTime>
		<ElapsedMinutes>0</ElapsedMinutes>
	</Testing>
</Site>
